# JRE version: Java(TM) SE Runtime Environment (8.0_271-b09) (build 1.8.0_271-b09)
# Java VM: Java HotSpot(TM) 64-Bit Server VM (25.271-b09 mixed mode windows-amd64 compressed oops)
Heap:
 PSYoungGen      total 18944K, used 5209K [0x00000000d5d80000, 0x00000000d7300000, 0x0000000100000000)
  eden space 15872K, 17% used [0x00000000d5d80000,0x00000000d6046348,0x00000000d6d00000)
  from space 3072K, 77% used [0x00000000d6d00000,0x00000000d6f500e0,0x00000000d7000000)
  to   space 3072K, 0% used [0x00000000d7000000,0x00000000d7000000,0x00000000d7300000)
 ParOldGen       total 58880K, used 46274K [0x0000000081800000, 0x0000000085180000, 0x00000000d5d80000)
  object space 58880K, 78% used [0x0000000081800000,0x0000000084530ab0,0x0000000085180000)
 Metaspace       used 27124K, capacity 27356K, committed 27648K, reserved 1073152K
  class space    used 2932K, capacity 3020K, committed 3072K, reserved 1048576K
GC Heap History (10 events):
Event: 2732.643 GC heap before
{Heap before GC invocations=920 (full 19):
 PSYoungGen      total 18944K, used 17728K [0x00000000d5d80000, 0x00000000d7300000, 0x0000000100000000)
  eden space 15872K, 100% used [0x00000000d5d80000,0x00000000d6d00000,0x00000000d6d00000)
  from space 3072K, 60% used [0x00000000d7000000,0x00000000d71d00a0,0x00000000d7300000)
  to   space 3072K, 0% used [0x00000000d6d00000,0x00000000d6d00000,0x00000000d7000000)
 ParOldGen       total 58880K, used 42349K [0x0000000081800000, 0x0000000085180000, 0x00000000d5d80000)
  object space 58880K, 71% used [0x0000000081800000,0x000000008415b600,0x0000000085180000)
 Metaspace       used 27123K, capacity 27356K, committed 27648K, reserved 1073152K
  class space    used 2932K, capacity 3020K, committed 3072K, reserved 1048576K
Event: 2732.646 GC heap after
Heap after GC invocations=920 (full 19):
 PSYoungGen      total 18944K, used 2688K [0x00000000d5d80000, 0x00000000d7300000, 0x0000000100000000)
  eden space 15872K, 0% used [0x00000000d5d80000,0x00000000d5d80000,0x00000000d6d00000)
  from space 3072K, 87% used [0x00000000d6d00000,0x00000000d6fa0100,0x00000000d7000000)
  to   space 3072K, 0% used [0x00000000d7000000,0x00000000d7000000,0x00000000d7300000)
 ParOldGen       total 58880K, used 42765K [0x0000000081800000, 0x0000000085180000, 0x00000000d5d80000)
  object space 58880K, 72% used [0x0000000081800000,0x00000000841c3710,0x0000000085180000)
 Metaspace       used 27123K, capacity 27356K, committed 27648K, reserved 1073152K
  class space    used 2932K, capacity 3020K, committed 3072K, reserved 1048576K
}
Event: 2734.808 GC heap before
{Heap before GC invocations=921 (full 19):
 PSYoungGen      total 18944K, used 18560K [0x00000000d5d80000, 0x00000000d7300000, 0x0000000100000000)
  eden space 15872K, 100% used [0x00000000d5d80000,0x00000000d6d00000,0x00000000d6d00000)
  from space 3072K, 87% used [0x00000000d6d00000,0x00000000d6fa0100,0x00000000d7000000)
  to   space 3072K, 0% used [0x00000000d7000000,0x00000000d7000000,0x00000000d7300000)
 ParOldGen       total 58880K, used 42765K [0x0000000081800000, 0x0000000085180000, 0x00000000d5d80000)
  object space 58880K, 72% used [0x0000000081800000,0x00000000841c3710,0x0000000085180000)
 Metaspace       used 27123K, capacity 27356K, committed 27648K, reserved 1073152K
  class space    used 2932K, capacity 3020K, committed 3072K, reserved 1048576K
Event: 2734.811 GC heap after
Heap after GC invocations=921 (full 19):
 PSYoungGen      total 18944K, used 1888K [0x00000000d5d80000, 0x00000000d7300000, 0x0000000100000000)
  eden space 15872K, 0% used [0x00000000d5d80000,0x00000000d5d80000,0x00000000d6d00000)
  from space 3072K, 61% used [0x00000000d7000000,0x00000000d71d80a0,0x00000000d7300000)
  to   space 3072K, 0% used [0x00000000d6d00000,0x00000000d6d00000,0x00000000d7000000)
 ParOldGen       total 58880K, used 43369K [0x0000000081800000, 0x0000000085180000, 0x00000000d5d80000)
  object space 58880K, 73% used [0x0000000081800000,0x000000008425a7c0,0x0000000085180000)
 Metaspace       used 27123K, capacity 27356K, committed 27648K, reserved 1073152K
  class space    used 2932K, capacity 3020K, committed 3072K, reserved 1048576K
}
Event: 2737.286 GC heap before
{Heap before GC invocations=922 (full 19):
 PSYoungGen      total 18944K, used 17760K [0x00000000d5d80000, 0x00000000d7300000, 0x0000000100000000)
  eden space 15872K, 100% used [0x00000000d5d80000,0x00000000d6d00000,0x00000000d6d00000)
  from space 3072K, 61% used [0x00000000d7000000,0x00000000d71d80a0,0x00000000d7300000)
  to   space 3072K, 0% used [0x00000000d6d00000,0x00000000d6d00000,0x00000000d7000000)
 ParOldGen       total 58880K, used 43369K [0x0000000081800000, 0x0000000085180000, 0x00000000d5d80000)
  object space 58880K, 73% used [0x0000000081800000,0x000000008425a7c0,0x0000000085180000)
 Metaspace       used 27123K, capacity 27356K, committed 27648K, reserved 1073152K
  class space    used 2932K, capacity 3020K, committed 3072K, reserved 1048576K
Event: 2737.290 GC heap after
Heap after GC invocations=922 (full 19):
 PSYoungGen      total 18944K, used 2368K [0x00000000d5d80000, 0x00000000d7300000, 0x0000000100000000)
  eden space 15872K, 0% used [0x00000000d5d80000,0x00000000d5d80000,0x00000000d6d00000)
  from space 3072K, 77% used [0x00000000d6d00000,0x00000000d6f500e0,0x00000000d7000000)
  to   space 3072K, 0% used [0x00000000d7000000,0x00000000d7000000,0x00000000d7300000)
 ParOldGen       total 58880K, used 44398K [0x0000000081800000, 0x0000000085180000, 0x00000000d5d80000)
  object space 58880K, 75% used [0x0000000081800000,0x000000008435b8c0,0x0000000085180000)
 Metaspace       used 27123K, capacity 27356K, committed 27648K, reserved 1073152K
  class space    used 2932K, capacity 3020K, committed 3072K, reserved 1048576K
}
Event: 2739.791 GC heap before
{Heap before GC invocations=923 (full 19):
 PSYoungGen      total 18944K, used 18240K [0x00000000d5d80000, 0x00000000d7300000, 0x0000000100000000)
  eden space 15872K, 100% used [0x00000000d5d80000,0x00000000d6d00000,0x00000000d6d00000)
  from space 3072K, 77% used [0x00000000d6d00000,0x00000000d6f500e0,0x00000000d7000000)
  to   space 3072K, 0% used [0x00000000d7000000,0x00000000d7000000,0x00000000d7300000)
 ParOldGen       total 58880K, used 44398K [0x0000000081800000, 0x0000000085180000, 0x00000000d5d80000)
  object space 58880K, 75% used [0x0000000081800000,0x000000008435b8c0,0x0000000085180000)
 Metaspace       used 27123K, capacity 27356K, committed 27648K, reserved 1073152K
  class space    used 2932K, capacity 3020K, committed 3072K, reserved 1048576K
Event: 2739.795 GC heap after
Heap after GC invocations=923 (full 19):
 PSYoungGen      total 18944K, used 2688K [0x00000000d5d80000, 0x00000000d7300000, 0x0000000100000000)
  eden space 15872K, 0% used [0x00000000d5d80000,0x00000000d5d80000,0x00000000d6d00000)
  from space 3072K, 87% used [0x00000000d7000000,0x00000000d72a0100,0x00000000d7300000)
  to   space 3072K, 0% used [0x00000000d6d00000,0x00000000d6d00000,0x00000000d7000000)
 ParOldGen       total 58880K, used 45334K [0x0000000081800000, 0x0000000085180000, 0x00000000d5d80000)
  object space 58880K, 76% used [0x0000000081800000,0x00000000844459b0,0x0000000085180000)
 Metaspace       used 27123K, capacity 27356K, committed 27648K, reserved 1073152K
  class space    used 2932K, capacity 3020K, committed 3072K, reserved 1048576K
}
Event: 2741.492 GC heap before
{Heap before GC invocations=924 (full 19):
 PSYoungGen      total 18944K, used 18560K [0x00000000d5d80000, 0x00000000d7300000, 0x0000000100000000)
  eden space 15872K, 100% used [0x00000000d5d80000,0x00000000d6d00000,0x00000000d6d00000)
  from space 3072K, 87% used [0x00000000d7000000,0x00000000d72a0100,0x00000000d7300000)
  to   space 3072K, 0% used [0x00000000d6d00000,0x00000000d6d00000,0x00000000d7000000)
 ParOldGen       total 58880K, used 45334K [0x0000000081800000, 0x0000000085180000, 0x00000000d5d80000)
  object space 58880K, 76% used [0x0000000081800000,0x00000000844459b0,0x0000000085180000)
 Metaspace       used 27123K, capacity 27356K, committed 27648K, reserved 1073152K
  class space    used 2932K, capacity 3020K, committed 3072K, reserved 1048576K
Event: 2741.494 GC heap after
Heap after GC invocations=924 (full 19):
 PSYoungGen      total 18944K, used 2368K [0x00000000d5d80000, 0x00000000d7300000, 0x0000000100000000)
  eden space 15872K, 0% used [0x00000000d5d80000,0x00000000d5d80000,0x00000000d6d00000)
  from space 3072K, 77% used [0x00000000d6d00000,0x00000000d6f500e0,0x00000000d7000000)
  to   space 3072K, 0% used [0x00000000d7000000,0x00000000d7000000,0x00000000d7300000)
 ParOldGen       total 58880K, used 46274K [0x0000000081800000, 0x0000000085180000, 0x00000000d5d80000)
  object space 58880K, 78% used [0x0000000081800000,0x0000000084530ab0,0x0000000085180000)
 Metaspace       used 27123K, capacity 27356K, committed 27648K, reserved 1073152K
  class space    used 2932K, capacity 3020K, committed 3072K, reserved 1048576K
}

