# JRE version: Java(TM) SE Runtime Environment (8.0_211-b12) (build 1.8.0_211-b12)
# Java VM: Java HotSpot(TM) 64-Bit Server VM (25.211-b12 mixed mode windows-amd64 compressed oops)
Heap:
 PSYoungGen      total 39936K, used 33959K [0x00000000d5d80000, 0x00000000d8f00000, 0x0000000100000000)
  eden space 30208K, 100% used [0x00000000d5d80000,0x00000000d7b00000,0x00000000d7b00000)
  from space 9728K, 38% used [0x00000000d8580000,0x00000000d8929d68,0x00000000d8f00000)
  to   space 10240K, 2% used [0x00000000d7b00000,0x00000000d7b34230,0x00000000d8500000)
 ParOldGen       total 87552K, used 9799K [0x0000000081800000, 0x0000000086d80000, 0x00000000d5d80000)
  object space 87552K, 11% used [0x0000000081800000,0x0000000082191c08,0x0000000086d80000)
 Metaspace       used 18902K, capacity 19210K, committed 19328K, reserved 1067008K
  class space    used 2081K, capacity 2157K, committed 2176K, reserved 1048576K
GC Heap History (10 events):
Event: 4.981 GC heap after
Heap after GC invocations=4 (full 0):
 PSYoungGen      total 38400K, used 5114K [0x00000000d5d80000, 0x00000000d8800000, 0x0000000100000000)
  eden space 33280K, 0% used [0x00000000d5d80000,0x00000000d5d80000,0x00000000d7e00000)
  from space 5120K, 99% used [0x00000000d8300000,0x00000000d87febc8,0x00000000d8800000)
  to   space 5120K, 0% used [0x00000000d7e00000,0x00000000d7e00000,0x00000000d8300000)
 ParOldGen       total 87552K, used 1811K [0x0000000081800000, 0x0000000086d80000, 0x00000000d5d80000)
  object space 87552K, 2% used [0x0000000081800000,0x00000000819c4e00,0x0000000086d80000)
 Metaspace       used 17202K, capacity 17472K, committed 17792K, reserved 1064960K
  class space    used 1995K, capacity 2098K, committed 2176K, reserved 1048576K
}
Event: 132.904 GC heap before
{Heap before GC invocations=5 (full 0):
 PSYoungGen      total 38400K, used 38394K [0x00000000d5d80000, 0x00000000d8800000, 0x0000000100000000)
  eden space 33280K, 100% used [0x00000000d5d80000,0x00000000d7e00000,0x00000000d7e00000)
  from space 5120K, 99% used [0x00000000d8300000,0x00000000d87febc8,0x00000000d8800000)
  to   space 5120K, 0% used [0x00000000d7e00000,0x00000000d7e00000,0x00000000d8300000)
 ParOldGen       total 87552K, used 1811K [0x0000000081800000, 0x0000000086d80000, 0x00000000d5d80000)
  object space 87552K, 2% used [0x0000000081800000,0x00000000819c4e00,0x0000000086d80000)
 Metaspace       used 18142K, capacity 18422K, committed 18560K, reserved 1064960K
  class space    used 2077K, capacity 2155K, committed 2176K, reserved 1048576K
Event: 132.923 GC heap after
Heap after GC invocations=5 (full 0):
 PSYoungGen      total 37888K, used 5118K [0x00000000d5d80000, 0x00000000d8f80000, 0x0000000100000000)
  eden space 32768K, 0% used [0x00000000d5d80000,0x00000000d5d80000,0x00000000d7d80000)
  from space 5120K, 99% used [0x00000000d7e00000,0x00000000d82ff888,0x00000000d8300000)
  to   space 9216K, 0% used [0x00000000d8680000,0x00000000d8680000,0x00000000d8f80000)
 ParOldGen       total 87552K, used 5068K [0x0000000081800000, 0x0000000086d80000, 0x00000000d5d80000)
  object space 87552K, 5% used [0x0000000081800000,0x0000000081cf3048,0x0000000086d80000)
 Metaspace       used 18142K, capacity 18422K, committed 18560K, reserved 1064960K
  class space    used 2077K, capacity 2155K, committed 2176K, reserved 1048576K
}
Event: 252.271 GC heap before
{Heap before GC invocations=6 (full 0):
 PSYoungGen      total 37888K, used 37886K [0x00000000d5d80000, 0x00000000d8f80000, 0x0000000100000000)
  eden space 32768K, 100% used [0x00000000d5d80000,0x00000000d7d80000,0x00000000d7d80000)
  from space 5120K, 99% used [0x00000000d7e00000,0x00000000d82ff888,0x00000000d8300000)
  to   space 9216K, 0% used [0x00000000d8680000,0x00000000d8680000,0x00000000d8f80000)
 ParOldGen       total 87552K, used 5068K [0x0000000081800000, 0x0000000086d80000, 0x00000000d5d80000)
  object space 87552K, 5% used [0x0000000081800000,0x0000000081cf3048,0x0000000086d80000)
 Metaspace       used 18418K, capacity 18698K, committed 18816K, reserved 1067008K
  class space    used 2080K, capacity 2157K, committed 2176K, reserved 1048576K
Event: 252.285 GC heap after
Heap after GC invocations=6 (full 0):
 PSYoungGen      total 40448K, used 8419K [0x00000000d5d80000, 0x00000000d9200000, 0x0000000100000000)
  eden space 31232K, 0% used [0x00000000d5d80000,0x00000000d5d80000,0x00000000d7c00000)
  from space 9216K, 91% used [0x00000000d8680000,0x00000000d8eb8d90,0x00000000d8f80000)
  to   space 10752K, 0% used [0x00000000d7c00000,0x00000000d7c00000,0x00000000d8680000)
 ParOldGen       total 87552K, used 5076K [0x0000000081800000, 0x0000000086d80000, 0x00000000d5d80000)
  object space 87552K, 5% used [0x0000000081800000,0x0000000081cf5048,0x0000000086d80000)
 Metaspace       used 18418K, capacity 18698K, committed 18816K, reserved 1067008K
  class space    used 2080K, capacity 2157K, committed 2176K, reserved 1048576K
}
Event: 360.041 GC heap before
{Heap before GC invocations=7 (full 0):
 PSYoungGen      total 40448K, used 39651K [0x00000000d5d80000, 0x00000000d9200000, 0x0000000100000000)
  eden space 31232K, 100% used [0x00000000d5d80000,0x00000000d7c00000,0x00000000d7c00000)
  from space 9216K, 91% used [0x00000000d8680000,0x00000000d8eb8d90,0x00000000d8f80000)
  to   space 10752K, 0% used [0x00000000d7c00000,0x00000000d7c00000,0x00000000d8680000)
 ParOldGen       total 87552K, used 5076K [0x0000000081800000, 0x0000000086d80000, 0x00000000d5d80000)
  object space 87552K, 5% used [0x0000000081800000,0x0000000081cf5048,0x0000000086d80000)
 Metaspace       used 18584K, capacity 18890K, committed 19072K, reserved 1067008K
  class space    used 2080K, capacity 2157K, committed 2176K, reserved 1048576K
Event: 360.059 GC heap after
Heap after GC invocations=7 (full 0):
 PSYoungGen      total 37376K, used 6655K [0x00000000d5d80000, 0x00000000d8f80000, 0x0000000100000000)
  eden space 30720K, 0% used [0x00000000d5d80000,0x00000000d5d80000,0x00000000d7b80000)
  from space 6656K, 99% used [0x00000000d7c00000,0x00000000d827fc38,0x00000000d8280000)
  to   space 10240K, 0% used [0x00000000d8580000,0x00000000d8580000,0x00000000d8f80000)
 ParOldGen       total 87552K, used 6703K [0x0000000081800000, 0x0000000086d80000, 0x00000000d5d80000)
  object space 87552K, 7% used [0x0000000081800000,0x0000000081e8be00,0x0000000086d80000)
 Metaspace       used 18584K, capacity 18890K, committed 19072K, reserved 1067008K
  class space    used 2080K, capacity 2157K, committed 2176K, reserved 1048576K
}
Event: 460.493 GC heap before
{Heap before GC invocations=8 (full 0):
 PSYoungGen      total 37376K, used 37375K [0x00000000d5d80000, 0x00000000d8f80000, 0x0000000100000000)
  eden space 30720K, 100% used [0x00000000d5d80000,0x00000000d7b80000,0x00000000d7b80000)
  from space 6656K, 99% used [0x00000000d7c00000,0x00000000d827fc38,0x00000000d8280000)
  to   space 10240K, 0% used [0x00000000d8580000,0x00000000d8580000,0x00000000d8f80000)
 ParOldGen       total 87552K, used 6703K [0x0000000081800000, 0x0000000086d80000, 0x00000000d5d80000)
  object space 87552K, 7% used [0x0000000081800000,0x0000000081e8be00,0x0000000086d80000)
 Metaspace       used 18770K, capacity 19018K, committed 19072K, reserved 1067008K
  class space    used 2081K, capacity 2157K, committed 2176K, reserved 1048576K
Event: 460.500 GC heap after
Heap after GC invocations=8 (full 0):
 PSYoungGen      total 39936K, used 3751K [0x00000000d5d80000, 0x00000000d8f00000, 0x0000000100000000)
  eden space 30208K, 0% used [0x00000000d5d80000,0x00000000d5d80000,0x00000000d7b00000)
  from space 9728K, 38% used [0x00000000d8580000,0x00000000d8929d68,0x00000000d8f00000)
  to   space 10240K, 0% used [0x00000000d7b00000,0x00000000d7b00000,0x00000000d8500000)
 ParOldGen       total 87552K, used 9310K [0x0000000081800000, 0x0000000086d80000, 0x00000000d5d80000)
  object space 87552K, 10% used [0x0000000081800000,0x0000000082117a88,0x0000000086d80000)
 Metaspace       used 18770K, capacity 19018K, committed 19072K, reserved 1067008K
  class space    used 2081K, capacity 2157K, committed 2176K, reserved 1048576K
}
Event: 558.446 GC heap before
{Heap before GC invocations=9 (full 0):
 PSYoungGen      total 39936K, used 33959K [0x00000000d5d80000, 0x00000000d8f00000, 0x0000000100000000)
  eden space 30208K, 100% used [0x00000000d5d80000,0x00000000d7b00000,0x00000000d7b00000)
  from space 9728K, 38% used [0x00000000d8580000,0x00000000d8929d68,0x00000000d8f00000)
  to   space 10240K, 0% used [0x00000000d7b00000,0x00000000d7b00000,0x00000000d8500000)
 ParOldGen       total 87552K, used 9310K [0x0000000081800000, 0x0000000086d80000, 0x00000000d5d80000)
  object space 87552K, 10% used [0x0000000081800000,0x0000000082117a88,0x0000000086d80000)
 Metaspace       used 18902K, capacity 19210K, committed 19328K, reserved 1067008K
  class space    used 2081K, capacity 2157K, committed 2176K, reserved 1048576K

