# JRE version: Java(TM) SE Runtime Environment (8.0_271-b09) (build 1.8.0_271-b09)
# Java VM: Java HotSpot(TM) 64-Bit Server VM (25.271-b09 mixed mode windows-amd64 compressed oops)
Heap:
 PSYoungGen      total 26624K, used 13712K [0x00000000d5d80000, 0x00000000d7b00000, 0x0000000100000000)
  eden space 23040K, 47% used [0x00000000d5d80000,0x00000000d682c0f8,0x00000000d7400000)
  from space 3584K, 77% used [0x00000000d7400000,0x00000000d76b8100,0x00000000d7780000)
  to   space 3584K, 0% used [0x00000000d7780000,0x00000000d7780000,0x00000000d7b00000)
 ParOldGen       total 74240K, used 44461K [0x0000000081800000, 0x0000000086080000, 0x00000000d5d80000)
  object space 74240K, 59% used [0x0000000081800000,0x000000008436b6b8,0x0000000086080000)
 Metaspace       used 26957K, capacity 27272K, committed 27392K, reserved 1073152K
  class space    used 2937K, capacity 3070K, committed 3072K, reserved 1048576K
GC Heap History (10 events):
Event: 1781.599 GC heap before
{Heap before GC invocations=192 (full 3):
 PSYoungGen      total 26624K, used 25856K [0x00000000d5d80000, 0x00000000d7b00000, 0x0000000100000000)
  eden space 23040K, 100% used [0x00000000d5d80000,0x00000000d7400000,0x00000000d7400000)
  from space 3584K, 78% used [0x00000000d7780000,0x00000000d7a40100,0x00000000d7b00000)
  to   space 3584K, 0% used [0x00000000d7400000,0x00000000d7400000,0x00000000d7780000)
 ParOldGen       total 74240K, used 42849K [0x0000000081800000, 0x0000000086080000, 0x00000000d5d80000)
  object space 74240K, 57% used [0x0000000081800000,0x00000000841d8518,0x0000000086080000)
 Metaspace       used 26955K, capacity 27272K, committed 27392K, reserved 1073152K
  class space    used 2937K, capacity 3070K, committed 3072K, reserved 1048576K
Event: 1781.603 GC heap after
Heap after GC invocations=192 (full 3):
 PSYoungGen      total 26624K, used 2941K [0x00000000d5d80000, 0x00000000d7b00000, 0x0000000100000000)
  eden space 23040K, 0% used [0x00000000d5d80000,0x00000000d5d80000,0x00000000d7400000)
  from space 3584K, 82% used [0x00000000d7400000,0x00000000d76df478,0x00000000d7780000)
  to   space 3584K, 0% used [0x00000000d7780000,0x00000000d7780000,0x00000000d7b00000)
 ParOldGen       total 74240K, used 43153K [0x0000000081800000, 0x0000000086080000, 0x00000000d5d80000)
  object space 74240K, 58% used [0x0000000081800000,0x0000000084224568,0x0000000086080000)
 Metaspace       used 26955K, capacity 27272K, committed 27392K, reserved 1073152K
  class space    used 2937K, capacity 3070K, committed 3072K, reserved 1048576K
}
Event: 1787.126 GC heap before
{Heap before GC invocations=193 (full 3):
 PSYoungGen      total 26624K, used 25942K [0x00000000d5d80000, 0x00000000d7b00000, 0x0000000100000000)
  eden space 23040K, 99% used [0x00000000d5d80000,0x00000000d73f6588,0x00000000d7400000)
  from space 3584K, 82% used [0x00000000d7400000,0x00000000d76df478,0x00000000d7780000)
  to   space 3584K, 0% used [0x00000000d7780000,0x00000000d7780000,0x00000000d7b00000)
 ParOldGen       total 74240K, used 43153K [0x0000000081800000, 0x0000000086080000, 0x00000000d5d80000)
  object space 74240K, 58% used [0x0000000081800000,0x0000000084224568,0x0000000086080000)
 Metaspace       used 26955K, capacity 27272K, committed 27392K, reserved 1073152K
  class space    used 2937K, capacity 3070K, committed 3072K, reserved 1048576K
Event: 1787.132 GC heap after
Heap after GC invocations=193 (full 3):
 PSYoungGen      total 26624K, used 2912K [0x00000000d5d80000, 0x00000000d7b00000, 0x0000000100000000)
  eden space 23040K, 0% used [0x00000000d5d80000,0x00000000d5d80000,0x00000000d7400000)
  from space 3584K, 81% used [0x00000000d7780000,0x00000000d7a58110,0x00000000d7b00000)
  to   space 3584K, 0% used [0x00000000d7400000,0x00000000d7400000,0x00000000d7780000)
 ParOldGen       total 74240K, used 43473K [0x0000000081800000, 0x0000000086080000, 0x00000000d5d80000)
  object space 74240K, 58% used [0x0000000081800000,0x00000000842745b8,0x0000000086080000)
 Metaspace       used 26955K, capacity 27272K, committed 27392K, reserved 1073152K
  class space    used 2937K, capacity 3070K, committed 3072K, reserved 1048576K
}
Event: 1792.724 GC heap before
{Heap before GC invocations=194 (full 3):
 PSYoungGen      total 26624K, used 25952K [0x00000000d5d80000, 0x00000000d7b00000, 0x0000000100000000)
  eden space 23040K, 100% used [0x00000000d5d80000,0x00000000d7400000,0x00000000d7400000)
  from space 3584K, 81% used [0x00000000d7780000,0x00000000d7a58110,0x00000000d7b00000)
  to   space 3584K, 0% used [0x00000000d7400000,0x00000000d7400000,0x00000000d7780000)
 ParOldGen       total 74240K, used 43473K [0x0000000081800000, 0x0000000086080000, 0x00000000d5d80000)
  object space 74240K, 58% used [0x0000000081800000,0x00000000842745b8,0x0000000086080000)
 Metaspace       used 26955K, capacity 27272K, committed 27392K, reserved 1073152K
  class space    used 2937K, capacity 3070K, committed 3072K, reserved 1048576K
Event: 1792.732 GC heap after
Heap after GC invocations=194 (full 3):
 PSYoungGen      total 26624K, used 2656K [0x00000000d5d80000, 0x00000000d7b00000, 0x0000000100000000)
  eden space 23040K, 0% used [0x00000000d5d80000,0x00000000d5d80000,0x00000000d7400000)
  from space 3584K, 74% used [0x00000000d7400000,0x00000000d76980f0,0x00000000d7780000)
  to   space 3584K, 0% used [0x00000000d7780000,0x00000000d7780000,0x00000000d7b00000)
 ParOldGen       total 74240K, used 43965K [0x0000000081800000, 0x0000000086080000, 0x00000000d5d80000)
  object space 74240K, 59% used [0x0000000081800000,0x00000000842ef628,0x0000000086080000)
 Metaspace       used 26955K, capacity 27272K, committed 27392K, reserved 1073152K
  class space    used 2937K, capacity 3070K, committed 3072K, reserved 1048576K
}
Event: 1798.424 GC heap before
{Heap before GC invocations=195 (full 3):
 PSYoungGen      total 26624K, used 25696K [0x00000000d5d80000, 0x00000000d7b00000, 0x0000000100000000)
  eden space 23040K, 100% used [0x00000000d5d80000,0x00000000d7400000,0x00000000d7400000)
  from space 3584K, 74% used [0x00000000d7400000,0x00000000d76980f0,0x00000000d7780000)
  to   space 3584K, 0% used [0x00000000d7780000,0x00000000d7780000,0x00000000d7b00000)
 ParOldGen       total 74240K, used 43965K [0x0000000081800000, 0x0000000086080000, 0x00000000d5d80000)
  object space 74240K, 59% used [0x0000000081800000,0x00000000842ef628,0x0000000086080000)
 Metaspace       used 26955K, capacity 27272K, committed 27392K, reserved 1073152K
  class space    used 2937K, capacity 3070K, committed 3072K, reserved 1048576K
Event: 1798.432 GC heap after
Heap after GC invocations=195 (full 3):
 PSYoungGen      total 26624K, used 2816K [0x00000000d5d80000, 0x00000000d7b00000, 0x0000000100000000)
  eden space 23040K, 0% used [0x00000000d5d80000,0x00000000d5d80000,0x00000000d7400000)
  from space 3584K, 78% used [0x00000000d7780000,0x00000000d7a40100,0x00000000d7b00000)
  to   space 3584K, 0% used [0x00000000d7400000,0x00000000d7400000,0x00000000d7780000)
 ParOldGen       total 74240K, used 44141K [0x0000000081800000, 0x0000000086080000, 0x00000000d5d80000)
  object space 74240K, 59% used [0x0000000081800000,0x000000008431b668,0x0000000086080000)
 Metaspace       used 26955K, capacity 27272K, committed 27392K, reserved 1073152K
  class space    used 2937K, capacity 3070K, committed 3072K, reserved 1048576K
}
Event: 1803.673 GC heap before
{Heap before GC invocations=196 (full 3):
 PSYoungGen      total 26624K, used 25856K [0x00000000d5d80000, 0x00000000d7b00000, 0x0000000100000000)
  eden space 23040K, 100% used [0x00000000d5d80000,0x00000000d7400000,0x00000000d7400000)
  from space 3584K, 78% used [0x00000000d7780000,0x00000000d7a40100,0x00000000d7b00000)
  to   space 3584K, 0% used [0x00000000d7400000,0x00000000d7400000,0x00000000d7780000)
 ParOldGen       total 74240K, used 44141K [0x0000000081800000, 0x0000000086080000, 0x00000000d5d80000)
  object space 74240K, 59% used [0x0000000081800000,0x000000008431b668,0x0000000086080000)
 Metaspace       used 26955K, capacity 27272K, committed 27392K, reserved 1073152K
  class space    used 2937K, capacity 3070K, committed 3072K, reserved 1048576K
Event: 1803.677 GC heap after
Heap after GC invocations=196 (full 3):
 PSYoungGen      total 26624K, used 2784K [0x00000000d5d80000, 0x00000000d7b00000, 0x0000000100000000)
  eden space 23040K, 0% used [0x00000000d5d80000,0x00000000d5d80000,0x00000000d7400000)
  from space 3584K, 77% used [0x00000000d7400000,0x00000000d76b8100,0x00000000d7780000)
  to   space 3584K, 0% used [0x00000000d7780000,0x00000000d7780000,0x00000000d7b00000)
 ParOldGen       total 74240K, used 44461K [0x0000000081800000, 0x0000000086080000, 0x00000000d5d80000)
  object space 74240K, 59% used [0x0000000081800000,0x000000008436b6b8,0x0000000086080000)
 Metaspace       used 26955K, capacity 27272K, committed 27392K, reserved 1073152K
  class space    used 2937K, capacity 3070K, committed 3072K, reserved 1048576K
}

