# JRE version: Java(TM) SE Runtime Environment (8.0_271-b09) (build 1.8.0_271-b09)
# Java VM: Java HotSpot(TM) 64-Bit Server VM (25.271-b09 mixed mode windows-amd64 compressed oops)
Heap:
 PSYoungGen      total 23552K, used 21770K [0x00000000d5d80000, 0x00000000d7880000, 0x0000000100000000)
  eden space 19456K, 95% used [0x00000000d5d80000,0x00000000d6fbaa10,0x00000000d7080000)
  from space 4096K, 75% used [0x00000000d7480000,0x00000000d7788120,0x00000000d7880000)
  to   space 4096K, 0% used [0x00000000d7080000,0x00000000d7080000,0x00000000d7480000)
 ParOldGen       total 44032K, used 38388K [0x0000000081800000, 0x0000000084300000, 0x00000000d5d80000)
  object space 44032K, 87% used [0x0000000081800000,0x0000000083d7d010,0x0000000084300000)
 Metaspace       used 27736K, capacity 28046K, committed 28160K, reserved 1075200K
  class space    used 2942K, capacity 3055K, committed 3072K, reserved 1048576K
GC Heap History (10 events):
Event: 43279.690 GC heap before
{Heap before GC invocations=15649 (full 515):
 PSYoungGen      total 23552K, used 22464K [0x00000000d5d80000, 0x00000000d7880000, 0x0000000100000000)
  eden space 19456K, 100% used [0x00000000d5d80000,0x00000000d7080000,0x00000000d7080000)
  from space 4096K, 73% used [0x00000000d7080000,0x00000000d7370120,0x00000000d7480000)
  to   space 4096K, 0% used [0x00000000d7480000,0x00000000d7480000,0x00000000d7880000)
 ParOldGen       total 44032K, used 38388K [0x0000000081800000, 0x0000000084300000, 0x00000000d5d80000)
  object space 44032K, 87% used [0x0000000081800000,0x0000000083d7d010,0x0000000084300000)
 Metaspace       used 27736K, capacity 28046K, committed 28160K, reserved 1075200K
  class space    used 2942K, capacity 3055K, committed 3072K, reserved 1048576K
Event: 43279.696 GC heap after
Heap after GC invocations=15649 (full 515):
 PSYoungGen      total 23552K, used 2784K [0x00000000d5d80000, 0x00000000d7880000, 0x0000000100000000)
  eden space 19456K, 0% used [0x00000000d5d80000,0x00000000d5d80000,0x00000000d7080000)
  from space 4096K, 67% used [0x00000000d7480000,0x00000000d7738100,0x00000000d7880000)
  to   space 4096K, 0% used [0x00000000d7080000,0x00000000d7080000,0x00000000d7480000)
 ParOldGen       total 44032K, used 38388K [0x0000000081800000, 0x0000000084300000, 0x00000000d5d80000)
  object space 44032K, 87% used [0x0000000081800000,0x0000000083d7d010,0x0000000084300000)
 Metaspace       used 27736K, capacity 28046K, committed 28160K, reserved 1075200K
  class space    used 2942K, capacity 3055K, committed 3072K, reserved 1048576K
}
Event: 43282.096 GC heap before
{Heap before GC invocations=15650 (full 515):
 PSYoungGen      total 23552K, used 22240K [0x00000000d5d80000, 0x00000000d7880000, 0x0000000100000000)
  eden space 19456K, 100% used [0x00000000d5d80000,0x00000000d7080000,0x00000000d7080000)
  from space 4096K, 67% used [0x00000000d7480000,0x00000000d7738100,0x00000000d7880000)
  to   space 4096K, 0% used [0x00000000d7080000,0x00000000d7080000,0x00000000d7480000)
 ParOldGen       total 44032K, used 38388K [0x0000000081800000, 0x0000000084300000, 0x00000000d5d80000)
  object space 44032K, 87% used [0x0000000081800000,0x0000000083d7d010,0x0000000084300000)
 Metaspace       used 27736K, capacity 28046K, committed 28160K, reserved 1075200K
  class space    used 2942K, capacity 3055K, committed 3072K, reserved 1048576K
Event: 43282.106 GC heap after
Heap after GC invocations=15650 (full 515):
 PSYoungGen      total 23552K, used 3296K [0x00000000d5d80000, 0x00000000d7880000, 0x0000000100000000)
  eden space 19456K, 0% used [0x00000000d5d80000,0x00000000d5d80000,0x00000000d7080000)
  from space 4096K, 80% used [0x00000000d7080000,0x00000000d73b8140,0x00000000d7480000)
  to   space 4096K, 0% used [0x00000000d7480000,0x00000000d7480000,0x00000000d7880000)
 ParOldGen       total 44032K, used 38388K [0x0000000081800000, 0x0000000084300000, 0x00000000d5d80000)
  object space 44032K, 87% used [0x0000000081800000,0x0000000083d7d010,0x0000000084300000)
 Metaspace       used 27736K, capacity 28046K, committed 28160K, reserved 1075200K
  class space    used 2942K, capacity 3055K, committed 3072K, reserved 1048576K
}
Event: 43284.076 GC heap before
{Heap before GC invocations=15651 (full 515):
 PSYoungGen      total 23552K, used 22752K [0x00000000d5d80000, 0x00000000d7880000, 0x0000000100000000)
  eden space 19456K, 100% used [0x00000000d5d80000,0x00000000d7080000,0x00000000d7080000)
  from space 4096K, 80% used [0x00000000d7080000,0x00000000d73b8140,0x00000000d7480000)
  to   space 4096K, 0% used [0x00000000d7480000,0x00000000d7480000,0x00000000d7880000)
 ParOldGen       total 44032K, used 38388K [0x0000000081800000, 0x0000000084300000, 0x00000000d5d80000)
  object space 44032K, 87% used [0x0000000081800000,0x0000000083d7d010,0x0000000084300000)
 Metaspace       used 27736K, capacity 28046K, committed 28160K, reserved 1075200K
  class space    used 2942K, capacity 3055K, committed 3072K, reserved 1048576K
Event: 43284.084 GC heap after
Heap after GC invocations=15651 (full 515):
 PSYoungGen      total 23552K, used 3072K [0x00000000d5d80000, 0x00000000d7880000, 0x0000000100000000)
  eden space 19456K, 0% used [0x00000000d5d80000,0x00000000d5d80000,0x00000000d7080000)
  from space 4096K, 75% used [0x00000000d7480000,0x00000000d7780120,0x00000000d7880000)
  to   space 4096K, 0% used [0x00000000d7080000,0x00000000d7080000,0x00000000d7480000)
 ParOldGen       total 44032K, used 38388K [0x0000000081800000, 0x0000000084300000, 0x00000000d5d80000)
  object space 44032K, 87% used [0x0000000081800000,0x0000000083d7d010,0x0000000084300000)
 Metaspace       used 27736K, capacity 28046K, committed 28160K, reserved 1075200K
  class space    used 2942K, capacity 3055K, committed 3072K, reserved 1048576K
}
Event: 43286.517 GC heap before
{Heap before GC invocations=15652 (full 515):
 PSYoungGen      total 23552K, used 22528K [0x00000000d5d80000, 0x00000000d7880000, 0x0000000100000000)
  eden space 19456K, 100% used [0x00000000d5d80000,0x00000000d7080000,0x00000000d7080000)
  from space 4096K, 75% used [0x00000000d7480000,0x00000000d7780120,0x00000000d7880000)
  to   space 4096K, 0% used [0x00000000d7080000,0x00000000d7080000,0x00000000d7480000)
 ParOldGen       total 44032K, used 38388K [0x0000000081800000, 0x0000000084300000, 0x00000000d5d80000)
  object space 44032K, 87% used [0x0000000081800000,0x0000000083d7d010,0x0000000084300000)
 Metaspace       used 27736K, capacity 28046K, committed 28160K, reserved 1075200K
  class space    used 2942K, capacity 3055K, committed 3072K, reserved 1048576K
Event: 43286.526 GC heap after
Heap after GC invocations=15652 (full 515):
 PSYoungGen      total 23552K, used 3392K [0x00000000d5d80000, 0x00000000d7880000, 0x0000000100000000)
  eden space 19456K, 0% used [0x00000000d5d80000,0x00000000d5d80000,0x00000000d7080000)
  from space 4096K, 82% used [0x00000000d7080000,0x00000000d73d0140,0x00000000d7480000)
  to   space 4096K, 0% used [0x00000000d7480000,0x00000000d7480000,0x00000000d7880000)
 ParOldGen       total 44032K, used 38388K [0x0000000081800000, 0x0000000084300000, 0x00000000d5d80000)
  object space 44032K, 87% used [0x0000000081800000,0x0000000083d7d010,0x0000000084300000)
 Metaspace       used 27736K, capacity 28046K, committed 28160K, reserved 1075200K
  class space    used 2942K, capacity 3055K, committed 3072K, reserved 1048576K
}
Event: 43288.871 GC heap before
{Heap before GC invocations=15653 (full 515):
 PSYoungGen      total 23552K, used 22848K [0x00000000d5d80000, 0x00000000d7880000, 0x0000000100000000)
  eden space 19456K, 100% used [0x00000000d5d80000,0x00000000d7080000,0x00000000d7080000)
  from space 4096K, 82% used [0x00000000d7080000,0x00000000d73d0140,0x00000000d7480000)
  to   space 4096K, 0% used [0x00000000d7480000,0x00000000d7480000,0x00000000d7880000)
 ParOldGen       total 44032K, used 38388K [0x0000000081800000, 0x0000000084300000, 0x00000000d5d80000)
  object space 44032K, 87% used [0x0000000081800000,0x0000000083d7d010,0x0000000084300000)
 Metaspace       used 27736K, capacity 28046K, committed 28160K, reserved 1075200K
  class space    used 2942K, capacity 3055K, committed 3072K, reserved 1048576K
Event: 43288.874 GC heap after
Heap after GC invocations=15653 (full 515):
 PSYoungGen      total 23552K, used 3104K [0x00000000d5d80000, 0x00000000d7880000, 0x0000000100000000)
  eden space 19456K, 0% used [0x00000000d5d80000,0x00000000d5d80000,0x00000000d7080000)
  from space 4096K, 75% used [0x00000000d7480000,0x00000000d7788120,0x00000000d7880000)
  to   space 4096K, 0% used [0x00000000d7080000,0x00000000d7080000,0x00000000d7480000)
 ParOldGen       total 44032K, used 38388K [0x0000000081800000, 0x0000000084300000, 0x00000000d5d80000)
  object space 44032K, 87% used [0x0000000081800000,0x0000000083d7d010,0x0000000084300000)
 Metaspace       used 27736K, capacity 28046K, committed 28160K, reserved 1075200K
  class space    used 2942K, capacity 3055K, committed 3072K, reserved 1048576K
}

