# JRE version: Java(TM) SE Runtime Environment (8.0_271-b09) (build 1.8.0_271-b09)
# Java VM: Java HotSpot(TM) 64-Bit Server VM (25.271-b09 mixed mode windows-amd64 compressed oops)
Heap:
 PSYoungGen      total 25088K, used 10679K [0x00000000d5d80000, 0x00000000d7980000, 0x0000000100000000)
  eden space 21504K, 36% used [0x00000000d5d80000,0x00000000d6535e30,0x00000000d7280000)
  from space 3584K, 77% used [0x00000000d7600000,0x00000000d78b8100,0x00000000d7980000)
  to   space 3584K, 0% used [0x00000000d7280000,0x00000000d7280000,0x00000000d7600000)
 ParOldGen       total 71168K, used 68152K [0x0000000081800000, 0x0000000085d80000, 0x00000000d5d80000)
  object space 71168K, 95% used [0x0000000081800000,0x0000000085a8e2c0,0x0000000085d80000)
 Metaspace       used 21764K, capacity 22070K, committed 22320K, reserved 1069056K
  class space    used 2292K, capacity 2363K, committed 2432K, reserved 1048576K
GC Heap History (10 events):
Event: 1162.504 GC heap before
{Heap before GC invocations=314 (full 4):
 PSYoungGen      total 25088K, used 24480K [0x00000000d5d80000, 0x00000000d7980000, 0x0000000100000000)
  eden space 21504K, 100% used [0x00000000d5d80000,0x00000000d7280000,0x00000000d7280000)
  from space 3584K, 83% used [0x00000000d7280000,0x00000000d7568110,0x00000000d7600000)
  to   space 3584K, 0% used [0x00000000d7600000,0x00000000d7600000,0x00000000d7980000)
 ParOldGen       total 71168K, used 65067K [0x0000000081800000, 0x0000000085d80000, 0x00000000d5d80000)
  object space 71168K, 91% used [0x0000000081800000,0x000000008578af60,0x0000000085d80000)
 Metaspace       used 21737K, capacity 22006K, committed 22320K, reserved 1069056K
  class space    used 2291K, capacity 2363K, committed 2432K, reserved 1048576K
Event: 1162.507 GC heap after
Heap after GC invocations=314 (full 4):
 PSYoungGen      total 25088K, used 2528K [0x00000000d5d80000, 0x00000000d7980000, 0x0000000100000000)
  eden space 21504K, 0% used [0x00000000d5d80000,0x00000000d5d80000,0x00000000d7280000)
  from space 3584K, 70% used [0x00000000d7600000,0x00000000d78780e0,0x00000000d7980000)
  to   space 3584K, 0% used [0x00000000d7280000,0x00000000d7280000,0x00000000d7600000)
 ParOldGen       total 71168K, used 65860K [0x0000000081800000, 0x0000000085d80000, 0x00000000d5d80000)
  object space 71168K, 92% used [0x0000000081800000,0x0000000085851040,0x0000000085d80000)
 Metaspace       used 21737K, capacity 22006K, committed 22320K, reserved 1069056K
  class space    used 2291K, capacity 2363K, committed 2432K, reserved 1048576K
}
Event: 1166.694 GC heap before
{Heap before GC invocations=315 (full 4):
 PSYoungGen      total 25088K, used 24032K [0x00000000d5d80000, 0x00000000d7980000, 0x0000000100000000)
  eden space 21504K, 100% used [0x00000000d5d80000,0x00000000d7280000,0x00000000d7280000)
  from space 3584K, 70% used [0x00000000d7600000,0x00000000d78780e0,0x00000000d7980000)
  to   space 3584K, 0% used [0x00000000d7280000,0x00000000d7280000,0x00000000d7600000)
 ParOldGen       total 71168K, used 65860K [0x0000000081800000, 0x0000000085d80000, 0x00000000d5d80000)
  object space 71168K, 92% used [0x0000000081800000,0x0000000085851040,0x0000000085d80000)
 Metaspace       used 21737K, capacity 22006K, committed 22320K, reserved 1069056K
  class space    used 2291K, capacity 2363K, committed 2432K, reserved 1048576K
Event: 1166.699 GC heap after
Heap after GC invocations=315 (full 4):
 PSYoungGen      total 25088K, used 2784K [0x00000000d5d80000, 0x00000000d7980000, 0x0000000100000000)
  eden space 21504K, 0% used [0x00000000d5d80000,0x00000000d5d80000,0x00000000d7280000)
  from space 3584K, 77% used [0x00000000d7280000,0x00000000d7538100,0x00000000d7600000)
  to   space 3584K, 0% used [0x00000000d7600000,0x00000000d7600000,0x00000000d7980000)
 ParOldGen       total 71168K, used 66236K [0x0000000081800000, 0x0000000085d80000, 0x00000000d5d80000)
  object space 71168K, 93% used [0x0000000081800000,0x00000000858af0b0,0x0000000085d80000)
 Metaspace       used 21737K, capacity 22006K, committed 22320K, reserved 1069056K
  class space    used 2291K, capacity 2363K, committed 2432K, reserved 1048576K
}
Event: 1169.596 GC heap before
{Heap before GC invocations=316 (full 4):
 PSYoungGen      total 25088K, used 24288K [0x00000000d5d80000, 0x00000000d7980000, 0x0000000100000000)
  eden space 21504K, 100% used [0x00000000d5d80000,0x00000000d7280000,0x00000000d7280000)
  from space 3584K, 77% used [0x00000000d7280000,0x00000000d7538100,0x00000000d7600000)
  to   space 3584K, 0% used [0x00000000d7600000,0x00000000d7600000,0x00000000d7980000)
 ParOldGen       total 71168K, used 66236K [0x0000000081800000, 0x0000000085d80000, 0x00000000d5d80000)
  object space 71168K, 93% used [0x0000000081800000,0x00000000858af0b0,0x0000000085d80000)
 Metaspace       used 21737K, capacity 22006K, committed 22320K, reserved 1069056K
  class space    used 2291K, capacity 2363K, committed 2432K, reserved 1048576K
Event: 1169.599 GC heap after
Heap after GC invocations=316 (full 4):
 PSYoungGen      total 25088K, used 2816K [0x00000000d5d80000, 0x00000000d7980000, 0x0000000100000000)
  eden space 21504K, 0% used [0x00000000d5d80000,0x00000000d5d80000,0x00000000d7280000)
  from space 3584K, 78% used [0x00000000d7600000,0x00000000d78c0100,0x00000000d7980000)
  to   space 3584K, 0% used [0x00000000d7280000,0x00000000d7280000,0x00000000d7600000)
 ParOldGen       total 71168K, used 66860K [0x0000000081800000, 0x0000000085d80000, 0x00000000d5d80000)
  object space 71168K, 93% used [0x0000000081800000,0x000000008594b170,0x0000000085d80000)
 Metaspace       used 21737K, capacity 22006K, committed 22320K, reserved 1069056K
  class space    used 2291K, capacity 2363K, committed 2432K, reserved 1048576K
}
Event: 1173.584 GC heap before
{Heap before GC invocations=317 (full 4):
 PSYoungGen      total 25088K, used 24320K [0x00000000d5d80000, 0x00000000d7980000, 0x0000000100000000)
  eden space 21504K, 100% used [0x00000000d5d80000,0x00000000d7280000,0x00000000d7280000)
  from space 3584K, 78% used [0x00000000d7600000,0x00000000d78c0100,0x00000000d7980000)
  to   space 3584K, 0% used [0x00000000d7280000,0x00000000d7280000,0x00000000d7600000)
 ParOldGen       total 71168K, used 66860K [0x0000000081800000, 0x0000000085d80000, 0x00000000d5d80000)
  object space 71168K, 93% used [0x0000000081800000,0x000000008594b170,0x0000000085d80000)
 Metaspace       used 21737K, capacity 22006K, committed 22320K, reserved 1069056K
  class space    used 2291K, capacity 2363K, committed 2432K, reserved 1048576K
Event: 1173.590 GC heap after
Heap after GC invocations=317 (full 4):
 PSYoungGen      total 25088K, used 2752K [0x00000000d5d80000, 0x00000000d7980000, 0x0000000100000000)
  eden space 21504K, 0% used [0x00000000d5d80000,0x00000000d5d80000,0x00000000d7280000)
  from space 3584K, 76% used [0x00000000d7280000,0x00000000d7530100,0x00000000d7600000)
  to   space 3584K, 0% used [0x00000000d7600000,0x00000000d7600000,0x00000000d7980000)
 ParOldGen       total 71168K, used 67848K [0x0000000081800000, 0x0000000085d80000, 0x00000000d5d80000)
  object space 71168K, 95% used [0x0000000081800000,0x0000000085a42270,0x0000000085d80000)
 Metaspace       used 21737K, capacity 22006K, committed 22320K, reserved 1069056K
  class space    used 2291K, capacity 2363K, committed 2432K, reserved 1048576K
}
Event: 1176.941 GC heap before
{Heap before GC invocations=318 (full 4):
 PSYoungGen      total 25088K, used 24256K [0x00000000d5d80000, 0x00000000d7980000, 0x0000000100000000)
  eden space 21504K, 100% used [0x00000000d5d80000,0x00000000d7280000,0x00000000d7280000)
  from space 3584K, 76% used [0x00000000d7280000,0x00000000d7530100,0x00000000d7600000)
  to   space 3584K, 0% used [0x00000000d7600000,0x00000000d7600000,0x00000000d7980000)
 ParOldGen       total 71168K, used 67848K [0x0000000081800000, 0x0000000085d80000, 0x00000000d5d80000)
  object space 71168K, 95% used [0x0000000081800000,0x0000000085a42270,0x0000000085d80000)
 Metaspace       used 21737K, capacity 22006K, committed 22320K, reserved 1069056K
  class space    used 2291K, capacity 2363K, committed 2432K, reserved 1048576K
Event: 1176.948 GC heap after
Heap after GC invocations=318 (full 4):
 PSYoungGen      total 25088K, used 2784K [0x00000000d5d80000, 0x00000000d7980000, 0x0000000100000000)
  eden space 21504K, 0% used [0x00000000d5d80000,0x00000000d5d80000,0x00000000d7280000)
  from space 3584K, 77% used [0x00000000d7600000,0x00000000d78b8100,0x00000000d7980000)
  to   space 3584K, 0% used [0x00000000d7280000,0x00000000d7280000,0x00000000d7600000)
 ParOldGen       total 71168K, used 68152K [0x0000000081800000, 0x0000000085d80000, 0x00000000d5d80000)
  object space 71168K, 95% used [0x0000000081800000,0x0000000085a8e2c0,0x0000000085d80000)
 Metaspace       used 21737K, capacity 22006K, committed 22320K, reserved 1069056K
  class space    used 2291K, capacity 2363K, committed 2432K, reserved 1048576K
}

