# JRE version: Java(TM) SE Runtime Environment (8.0_271-b09) (build 1.8.0_271-b09)
# Java VM: Java HotSpot(TM) 64-Bit Server VM (25.271-b09 mixed mode windows-amd64 compressed oops)
Heap:
 PSYoungGen      total 20480K, used 6712K [0x00000000d5d80000, 0x00000000d7480000, 0x0000000100000000)
  eden space 17408K, 38% used [0x00000000d5d80000,0x00000000d640e1b8,0x00000000d6e80000)
  from space 3072K, 0% used [0x00000000d7180000,0x00000000d7180000,0x00000000d7480000)
  to   space 3072K, 0% used [0x00000000d6e80000,0x00000000d6e80000,0x00000000d7180000)
 ParOldGen       total 41984K, used 24935K [0x0000000081800000, 0x0000000084100000, 0x00000000d5d80000)
  object space 41984K, 59% used [0x0000000081800000,0x0000000083059ed8,0x0000000084100000)
 Metaspace       used 27661K, capacity 27970K, committed 28160K, reserved 1075200K
  class space    used 2931K, capacity 3053K, committed 3072K, reserved 1048576K
GC Heap History (10 events):
Event: 36967.629 GC heap before
{Heap before GC invocations=22860 (full 943):
 PSYoungGen      total 20480K, used 19904K [0x00000000d5d80000, 0x00000000d7480000, 0x0000000100000000)
  eden space 17408K, 100% used [0x00000000d5d80000,0x00000000d6e80000,0x00000000d6e80000)
  from space 3072K, 81% used [0x00000000d7180000,0x00000000d73f00e0,0x00000000d7480000)
  to   space 3072K, 0% used [0x00000000d6e80000,0x00000000d6e80000,0x00000000d7180000)
 ParOldGen       total 40960K, used 36806K [0x0000000081800000, 0x0000000084000000, 0x00000000d5d80000)
  object space 40960K, 89% used [0x0000000081800000,0x0000000083bf1a10,0x0000000084000000)
 Metaspace       used 27660K, capacity 27970K, committed 28160K, reserved 1075200K
  class space    used 2931K, capacity 3053K, committed 3072K, reserved 1048576K
Event: 36967.632 GC heap after
Heap after GC invocations=22860 (full 943):
 PSYoungGen      total 20480K, used 2208K [0x00000000d5d80000, 0x00000000d7480000, 0x0000000100000000)
  eden space 17408K, 0% used [0x00000000d5d80000,0x00000000d5d80000,0x00000000d6e80000)
  from space 3072K, 71% used [0x00000000d6e80000,0x00000000d70a80c0,0x00000000d7180000)
  to   space 3072K, 0% used [0x00000000d7180000,0x00000000d7180000,0x00000000d7480000)
 ParOldGen       total 40960K, used 37466K [0x0000000081800000, 0x0000000084000000, 0x00000000d5d80000)
  object space 40960K, 91% used [0x0000000081800000,0x0000000083c96ac0,0x0000000084000000)
 Metaspace       used 27660K, capacity 27970K, committed 28160K, reserved 1075200K
  class space    used 2931K, capacity 3053K, committed 3072K, reserved 1048576K
}
Event: 36969.315 GC heap before
{Heap before GC invocations=22861 (full 943):
 PSYoungGen      total 20480K, used 19616K [0x00000000d5d80000, 0x00000000d7480000, 0x0000000100000000)
  eden space 17408K, 100% used [0x00000000d5d80000,0x00000000d6e80000,0x00000000d6e80000)
  from space 3072K, 71% used [0x00000000d6e80000,0x00000000d70a80c0,0x00000000d7180000)
  to   space 3072K, 0% used [0x00000000d7180000,0x00000000d7180000,0x00000000d7480000)
 ParOldGen       total 40960K, used 37466K [0x0000000081800000, 0x0000000084000000, 0x00000000d5d80000)
  object space 40960K, 91% used [0x0000000081800000,0x0000000083c96ac0,0x0000000084000000)
 Metaspace       used 27660K, capacity 27970K, committed 28160K, reserved 1075200K
  class space    used 2931K, capacity 3053K, committed 3072K, reserved 1048576K
Event: 36969.324 GC heap after
Heap after GC invocations=22861 (full 943):
 PSYoungGen      total 20480K, used 2816K [0x00000000d5d80000, 0x00000000d7480000, 0x0000000100000000)
  eden space 17408K, 0% used [0x00000000d5d80000,0x00000000d5d80000,0x00000000d6e80000)
  from space 3072K, 91% used [0x00000000d7180000,0x00000000d7440100,0x00000000d7480000)
  to   space 3072K, 0% used [0x00000000d6e80000,0x00000000d6e80000,0x00000000d7180000)
 ParOldGen       total 40960K, used 38138K [0x0000000081800000, 0x0000000084000000, 0x00000000d5d80000)
  object space 40960K, 93% used [0x0000000081800000,0x0000000083d3eb80,0x0000000084000000)
 Metaspace       used 27660K, capacity 27970K, committed 28160K, reserved 1075200K
  class space    used 2931K, capacity 3053K, committed 3072K, reserved 1048576K
}
Event: 36971.703 GC heap before
{Heap before GC invocations=22862 (full 943):
 PSYoungGen      total 20480K, used 20224K [0x00000000d5d80000, 0x00000000d7480000, 0x0000000100000000)
  eden space 17408K, 100% used [0x00000000d5d80000,0x00000000d6e80000,0x00000000d6e80000)
  from space 3072K, 91% used [0x00000000d7180000,0x00000000d7440100,0x00000000d7480000)
  to   space 3072K, 0% used [0x00000000d6e80000,0x00000000d6e80000,0x00000000d7180000)
 ParOldGen       total 40960K, used 38138K [0x0000000081800000, 0x0000000084000000, 0x00000000d5d80000)
  object space 40960K, 93% used [0x0000000081800000,0x0000000083d3eb80,0x0000000084000000)
 Metaspace       used 27660K, capacity 27970K, committed 28160K, reserved 1075200K
  class space    used 2931K, capacity 3053K, committed 3072K, reserved 1048576K
Event: 36971.706 GC heap after
Heap after GC invocations=22862 (full 943):
 PSYoungGen      total 20480K, used 2176K [0x00000000d5d80000, 0x00000000d7480000, 0x0000000100000000)
  eden space 17408K, 0% used [0x00000000d5d80000,0x00000000d5d80000,0x00000000d6e80000)
  from space 3072K, 70% used [0x00000000d6e80000,0x00000000d70a00c0,0x00000000d7180000)
  to   space 3072K, 0% used [0x00000000d7180000,0x00000000d7180000,0x00000000d7480000)
 ParOldGen       total 40960K, used 39407K [0x0000000081800000, 0x0000000084000000, 0x00000000d5d80000)
  object space 40960K, 96% used [0x0000000081800000,0x0000000083e7bcd0,0x0000000084000000)
 Metaspace       used 27660K, capacity 27970K, committed 28160K, reserved 1075200K
  class space    used 2931K, capacity 3053K, committed 3072K, reserved 1048576K
}
Event: 36973.280 GC heap before
{Heap before GC invocations=22863 (full 943):
 PSYoungGen      total 20480K, used 19579K [0x00000000d5d80000, 0x00000000d7480000, 0x0000000100000000)
  eden space 17408K, 99% used [0x00000000d5d80000,0x00000000d6e7ee68,0x00000000d6e80000)
  from space 3072K, 70% used [0x00000000d6e80000,0x00000000d70a00c0,0x00000000d7180000)
  to   space 3072K, 0% used [0x00000000d7180000,0x00000000d7180000,0x00000000d7480000)
 ParOldGen       total 40960K, used 39407K [0x0000000081800000, 0x0000000084000000, 0x00000000d5d80000)
  object space 40960K, 96% used [0x0000000081800000,0x0000000083e7bcd0,0x0000000084000000)
 Metaspace       used 27660K, capacity 27970K, committed 28160K, reserved 1075200K
  class space    used 2931K, capacity 3053K, committed 3072K, reserved 1048576K
Event: 36973.286 GC heap after
Heap after GC invocations=22863 (full 943):
 PSYoungGen      total 20480K, used 2656K [0x00000000d5d80000, 0x00000000d7480000, 0x0000000100000000)
  eden space 17408K, 0% used [0x00000000d5d80000,0x00000000d5d80000,0x00000000d6e80000)
  from space 3072K, 86% used [0x00000000d7180000,0x00000000d74180f0,0x00000000d7480000)
  to   space 3072K, 0% used [0x00000000d6e80000,0x00000000d6e80000,0x00000000d7180000)
 ParOldGen       total 40960K, used 40099K [0x0000000081800000, 0x0000000084000000, 0x00000000d5d80000)
  object space 40960K, 97% used [0x0000000081800000,0x0000000083f28d80,0x0000000084000000)
 Metaspace       used 27660K, capacity 27970K, committed 28160K, reserved 1075200K
  class space    used 2931K, capacity 3053K, committed 3072K, reserved 1048576K
}
Event: 36973.286 GC heap before
{Heap before GC invocations=22864 (full 944):
 PSYoungGen      total 20480K, used 2656K [0x00000000d5d80000, 0x00000000d7480000, 0x0000000100000000)
  eden space 17408K, 0% used [0x00000000d5d80000,0x00000000d5d80000,0x00000000d6e80000)
  from space 3072K, 86% used [0x00000000d7180000,0x00000000d74180f0,0x00000000d7480000)
  to   space 3072K, 0% used [0x00000000d6e80000,0x00000000d6e80000,0x00000000d7180000)
 ParOldGen       total 40960K, used 40099K [0x0000000081800000, 0x0000000084000000, 0x00000000d5d80000)
  object space 40960K, 97% used [0x0000000081800000,0x0000000083f28d80,0x0000000084000000)
 Metaspace       used 27660K, capacity 27970K, committed 28160K, reserved 1075200K
  class space    used 2931K, capacity 3053K, committed 3072K, reserved 1048576K
Event: 36973.337 GC heap after
Heap after GC invocations=22864 (full 944):
 PSYoungGen      total 20480K, used 0K [0x00000000d5d80000, 0x00000000d7480000, 0x0000000100000000)
  eden space 17408K, 0% used [0x00000000d5d80000,0x00000000d5d80000,0x00000000d6e80000)
  from space 3072K, 0% used [0x00000000d7180000,0x00000000d7180000,0x00000000d7480000)
  to   space 3072K, 0% used [0x00000000d6e80000,0x00000000d6e80000,0x00000000d7180000)
 ParOldGen       total 41984K, used 24935K [0x0000000081800000, 0x0000000084100000, 0x00000000d5d80000)
  object space 41984K, 59% used [0x0000000081800000,0x0000000083059ed8,0x0000000084100000)
 Metaspace       used 27660K, capacity 27970K, committed 28160K, reserved 1075200K
  class space    used 2931K, capacity 3053K, committed 3072K, reserved 1048576K
}

